[Startup] MODO: production
[Startup] MODO: production
[Startup] MODO: production
[Startup] MODO: production
[Startup] MODO: production
[Startup] MODO: production
[Startup] MODO: production
[Startup] MODO: production
[Startup] MODO: production
[Startup] MODO: production
[Startup] MODO: production
[Startup] MODO: production
[Startup] MODO: production
[Startup] MODO: production
[Startup] MODO: production
[Startup] MODO: production
[Startup] MODO: production
[Startup] MODO: production
[Startup] MODO: production
[Startup] MODO: production
[Startup] MODO: production
[Startup] MODO: production
[Startup] MODO: production
[Startup] MODO: production
[Startup] MODO: production
[Startup] MODO: production
[Startup] MODO: production
[Startup] MODO: production
[Startup] MODO: production
[Startup] MODO: production
[Startup] MODO: production
[Startup] MODO: production
[Startup] MODO: production
[Startup] MODO: production
[Startup] MODO: production
[Startup] MODO: production
[Startup] MODO: production
[Startup] MODO: production
[Startup] MODO: production
[Startup] MODO: production
[Startup] MODO: production
[Startup] MODO: production
[Startup] MODO: production
[Startup] MODO: production
[Startup] MODO: production
[Startup] MODO: production
[Startup] MODO: production
[Startup] MODO: production
[Startup] MODO: production
[Startup] MODO: production
[Startup] MODO: production
[Startup] MODO: production
[Startup] MODO: production
[Startup] MODO: production
[Startup] MODO: production
[Startup] MODO: production
[Startup] MODO: production
[Startup] MODO: production
[Startup] MODO: production
[Startup] MODO: production
[Startup] MODO: production
[Startup] MODO: production
[Startup] MODO: production
[Startup] MODO: production
[Startup] MODO: production
[Startup] MODO: production
[Startup] MODO: production
[Startup] MODO: production
[Startup] MODO: production
[Startup] MODO: production
[Startup] MODO: production
[Startup] MODO: production
[Startup] MODO: production
[Startup] MODO: production
[Startup] MODO: production
[Startup] MODO: production
[Startup] MODO: production
[Startup] MODO: production
[Startup] MODO: production
[Startup] MODO: production
[Startup] MODO: production
[Startup] MODO: production
[Startup] MODO: production
[Startup] MODO: production
[Startup] MODO: production
[Startup] MODO: production
[Startup] MODO: production
[Startup] MODO: production
[Startup] MODO: production
[Startup] MODO: production
[Startup] MODO: production
[Startup] MODO: production
[Startup] MODO: production
[Startup] MODO: production
[Startup] MODO: production
[Startup] MODO: production
[Startup] MODO: production
[Startup] MODO: production
[Startup] MODO: production
[Startup] MODO: production
[Startup] MODO: production
[Startup] MODO: production
[Startup] MODO: production
[Startup] MODO: production
[Startup] MODO: production
[Startup] MODO: production
[Startup] MODO: production
[Startup] MODO: production
[Startup] MODO: production
[Startup] MODO: production
[Startup] MODO: production
[Startup] MODO: production
[Startup] MODO: production
[Startup] MODO: production
[Startup] MODO: production
[Startup] MODO: production
[Startup] MODO: production
[Startup] MODO: production
[Startup] MODO: production
[Startup] MODO: production
[Startup] MODO: production
[Startup] MODO: production
[Startup] MODO: production
[Startup] MODO: production
[Startup] MODO: production
[Startup] MODO: production
[Startup] MODO: production
[Startup] MODO: production
[Startup] MODO: production
[Startup] MODO: production
[Startup] MODO: production
[Startup] MODO: production
[Startup] MODO: production
[Startup] MODO: production
[Startup] MODO: production
[Startup] MODO: production
[Startup] MODO: production
[Startup] MODO: production
[Startup] MODO: production
[Startup] MODO: production
[Startup] MODO: production
[Startup] MODO: production
[Startup] MODO: production
[Startup] MODO: production
[Startup] MODO: production
[Startup] MODO: production
[Startup] MODO: production
[Startup] MODO: production
[Startup] MODO: production
[Startup] MODO: production
[Startup] MODO: production
[Startup] MODO: production
[Startup] MODO: production
[Startup] MODO: production
[Startup] MODO: production
[Startup] MODO: production
[Startup] MODO: production
[Startup] MODO: production
[Startup] MODO: production
[Startup] MODO: production
[Startup] MODO: production
[Startup] MODO: production
[Startup] MODO: production
[Startup] MODO: production
[Startup] MODO: production
[Startup] MODO: production
[Startup] MODO: production
[Startup] MODO: production
[Startup] MODO: production
[Startup] MODO: production
[Startup] MODO: production
[Startup] MODO: production
[Startup] MODO: production
[Startup] MODO: production
[Startup] MODO: production
[Startup] MODO: production
[Startup] MODO: production
[Startup] MODO: production
[Startup] MODO: production
[Startup] MODO: production
[Startup] MODO: production
[Startup] MODO: production
[Startup] MODO: production
[Startup] MODO: production
[Startup] MODO: production
[Startup] MODO: production
[Startup] MODO: production
[Startup] MODO: production
[Startup] MODO: production
[Startup] MODO: production
[Startup] MODO: production
[Startup] MODO: production
[Startup] MODO: production
[Startup] MODO: production
[Startup] MODO: production
[Startup] MODO: production
[Startup] MODO: production
[Startup] MODO: production
[Startup] MODO: production
[Startup] MODO: production
[Startup] MODO: production
[Startup] MODO: production
[Startup] MODO: production
[Startup] MODO: production
[Startup] MODO: production
[Startup] MODO: production
[Startup] MODO: production
[Startup] MODO: production
[Startup] MODO: production
[Startup] MODO: production
[Startup] MODO: production
[Startup] MODO: production
[Startup] MODO: production
[Startup] MODO: production
[Startup] MODO: production
[Startup] MODO: production
[Startup] MODO: production
[Startup] MODO: production
[Startup] MODO: production
[Startup] MODO: production
[Startup] MODO: production
[Startup] MODO: production
[Startup] MODO: production
[Startup] MODO: production
[Startup] MODO: production
[Startup] MODO: production
[Startup] MODO: production
[Startup] MODO: production
[Startup] MODO: production
[Startup] MODO: production
[Startup] MODO: production
[Startup] MODO: production
[Startup] MODO: production
[Startup] MODO: production
[Startup] MODO: production
[Startup] MODO: production
[Startup] MODO: production
[Startup] MODO: production
[Startup] MODO: production
[Startup] MODO: production
[Startup] MODO: production
[Startup] MODO: production
[Startup] MODO: production
[Startup] MODO: production
[Startup] MODO: production
[Startup] MODO: production
[Startup] MODO: production
[Startup] MODO: production
[Startup] MODO: production
[Startup] MODO: production
[Startup] MODO: production
[Startup] MODO: production
[Startup] MODO: production
[Startup] MODO: production
[Startup] MODO: production
[Startup] MODO: production
[Startup] MODO: production
[Startup] MODO: production
[Startup] MODO: production
[Startup] MODO: production
[Startup] MODO: production
[Startup] MODO: production
[Startup] MODO: production
[Startup] MODO: production
[Startup] MODO: production
[Startup] MODO: production
[Startup] MODO: production
[Startup] MODO: production
[Startup] MODO: production
[Startup] MODO: production
[Startup] MODO: production
[Startup] MODO: production
[Startup] MODO: production
[Startup] MODO: production
[Startup] MODO: production
[Startup] MODO: production
[Startup] MODO: production
[Startup] MODO: production
[Startup] MODO: production
[Startup] MODO: production
[Startup] MODO: production
[Startup] MODO: production
[Startup] MODO: production
[Startup] MODO: production
[Startup] MODO: production
[Startup] MODO: production
[Startup] MODO: production
[Startup] MODO: production
[Startup] MODO: production
[Startup] MODO: production
[Startup] MODO: production
[Startup] MODO: production
[Startup] MODO: production
[Startup] MODO: production
[Startup] MODO: production
[Startup] MODO: production
[Startup] MODO: production
[Startup] MODO: production
[Startup] MODO: production
[Startup] MODO: production
[Startup] MODO: production
[Startup] MODO: production
[Startup] MODO: production
[Startup] MODO: production
[Startup] MODO: production
[Startup] MODO: production
[Startup] MODO: production
[Startup] MODO: production
[Startup] MODO: production
[Startup] MODO: production
[Startup] MODO: production
[Startup] MODO: production
[Startup] MODO: production
[Startup] MODO: production
[Startup] MODO: production
[Startup] MODO: production
[Startup] MODO: production
[Startup] MODO: production
[Startup] MODO: production
[Startup] MODO: production
[Startup] MODO: production
[Startup] MODO: production
[Startup] MODO: production
[Startup] MODO: production
[Startup] MODO: production
[Startup] MODO: production
[Startup] MODO: production
[Startup] MODO: production
[Startup] MODO: production
[Startup] MODO: production
[Startup] MODO: production
[Startup] MODO: production
[Startup] MODO: production
[Startup] MODO: production
[Startup] MODO: production
[Startup] MODO: production
[Startup] MODO: production
[Startup] MODO: production
[Startup] MODO: production
[Startup] MODO: production
[Startup] MODO: production
[Startup] MODO: production
[Startup] MODO: production
[Startup] MODO: production
[Startup] MODO: production
[Startup] MODO: production
[Startup] MODO: production
[Startup] MODO: production
[Startup] MODO: production
[Startup] MODO: production
[Startup] MODO: production
[Startup] MODO: production
[Startup] MODO: production
[Startup] MODO: production
[Startup] MODO: production
[Startup] MODO: production
[Startup] MODO: production
[Startup] MODO: production
[Startup] MODO: production
[Startup] MODO: production
[Startup] MODO: production
[Startup] MODO: production
[Startup] MODO: production
[Startup] MODO: production
[Startup] MODO: production
[Startup] MODO: production
[Startup] MODO: production
[Startup] MODO: production
[Startup] MODO: production
[Startup] MODO: production
[Startup] MODO: production
[Startup] MODO: production
[Startup] MODO: production
[Startup] MODO: production
[Startup] MODO: production
[Startup] MODO: production
[Startup] MODO: production
[Startup] MODO: production
[Startup] MODO: production
[Startup] MODO: production
[Startup] MODO: production
[Startup] MODO: production
[Startup] MODO: production
[Startup] MODO: production
[Startup] MODO: production
[Startup] MODO: production
[Startup] MODO: production
[Startup] MODO: production
[Startup] MODO: production
[Startup] MODO: production
[Startup] MODO: production
[Startup] MODO: production
[Startup] MODO: production
[Startup] MODO: production
[Startup] MODO: production
[Startup] MODO: production
[Startup] MODO: production
[Startup] MODO: production
[Startup] MODO: production
[Startup] MODO: production
[Startup] MODO: production
[Startup] MODO: production
[Startup] MODO: production
[Startup] MODO: production
[Startup] MODO: production
[Startup] MODO: production
[Startup] MODO: production
[Startup] MODO: production
[Startup] MODO: production
[Startup] MODO: production
[Startup] MODO: production
[Startup] MODO: production
[Startup] MODO: production
[Startup] MODO: production
[Startup] MODO: production
[Startup] MODO: production
[Startup] MODO: production
[Startup] MODO: production
[Startup] MODO: production
[Startup] MODO: production
[Startup] MODO: production
[Startup] MODO: production
[Startup] MODO: production
[Startup] MODO: production
[Startup] MODO: production
[Startup] MODO: production
[Startup] MODO: production
[Startup] MODO: production
[Startup] MODO: production
[Startup] MODO: production
[Startup] MODO: production
[Startup] MODO: production
[Startup] MODO: production
[Startup] MODO: production
[Startup] MODO: production
[Startup] MODO: production
[Startup] MODO: production
[Startup] MODO: production
[Startup] MODO: production
[Startup] MODO: production
[Startup] MODO: production
[Startup] MODO: production
[Startup] MODO: production
[Startup] MODO: production
[Startup] MODO: production
[Startup] MODO: production
[Startup] MODO: production
[Startup] MODO: production
[Startup] MODO: production
[Startup] MODO: production
[Startup] MODO: production
[Startup] MODO: production
[Startup] MODO: production
[Startup] MODO: production
[Startup] MODO: production
[Startup] MODO: production
[Startup] MODO: production
[Startup] MODO: production
[Startup] MODO: production
[Startup] MODO: production
[Startup] MODO: production
[Startup] MODO: production
[Startup] ARCHIVO: .env
🔌 Intentando conectar a: postgresql://postgres:****@localhost:5432/dezpy_v01
🐘 Prisma Client (PostgreSQL) inicializado con capa de compatibilidad
[Startup] ARCHIVO: .env
🔌 Intentando conectar a: postgresql://postgres:****@localhost:5432/dezpy_v01
🐘 Prisma Client (PostgreSQL) inicializado con capa de compatibilidad

🚀 WINNER STORE Corriendo en: http://localhost:3000
🌐 Acceso Externo (Túnel): https://renewed-encore-entomb.ngrok-free.dev
🔐 Servidor iniciado con seguridad JWT y API Key activa


🚀 WINNER STORE Corriendo en: http://localhost:3000
🌐 Acceso Externo (Túnel): https://renewed-encore-entomb.ngrok-free.dev
🔐 Servidor iniciado con seguridad JWT y API Key activa

🐘 Conexión verificada con éxito a PostgreSQL
🐘 Conexión verificada con éxito a PostgreSQL
📧 [Mailer] Servidor de correo listo para enviar mensajes
📧 [Mailer] Servidor de correo listo para enviar mensajes
[9:58:44 p. m.] ⚠️ GET / -> 304 (169ms)
[9:58:45 p. m.] ⚠️ GET /styles.css -> 304 (3ms)
[9:58:45 p. m.] ⚠️ GET /logistica/shipping-logic.js -> 304 (4ms)
[9:58:45 p. m.] ⚠️ GET /footers/shop.js -> 304 (8ms)
[9:58:45 p. m.] ✅ GET /core.js -> 200 (43ms)
[9:58:45 p. m.] ⚠️ GET /footers/returns.js -> 304 (5ms)
[9:58:45 p. m.] ⚠️ GET /footers/store-info.js -> 304 (12ms)
[9:58:45 p. m.] ⚠️ GET /explorer/categories-rotator.js -> 304 (10ms)
[9:58:45 p. m.] ⚠️ GET /reviews/hero-effects.js -> 304 (11ms)
[9:58:45 p. m.] ⚠️ GET /reviews/feedback.js -> 304 (4ms)
[9:58:45 p. m.] ⚠️ GET /LIMITED/featured.js -> 304 (3ms)
[9:58:45 p. m.] ⚠️ GET /LIMITED/promo.js -> 304 (4ms)
[9:58:45 p. m.] ✅ GET /app.js -> 200 (12ms)
[9:58:45 p. m.] ⚠️ GET /footers/info.js -> 304 (79ms)
[9:58:45 p. m.] ⚠️ GET /footers/help.js -> 304 (1ms)
[9:58:45 p. m.] ⚠️ GET /api/config -> 304 (61ms)
[9:58:45 p. m.] ⚠️ GET /products -> 304 (464ms)
[9:58:46 p. m.] ❌ GET /camiseta-oversize.jpg -> 404 (15ms)
[9:59:00 p. m.] ⚠️ GET /admin-panel.html -> 304 (1ms)
[9:59:00 p. m.] ⚠️ GET /admin-panel.css -> 304 (3ms)
[9:59:00 p. m.] ⚠️ GET /goper/expenses-logic.css -> 304 (3ms)
[9:59:00 p. m.] ⚠️ GET /cropper.min.css -> 304 (4ms)
[9:59:00 p. m.] ⚠️ GET /payments-logic.css -> 304 (3ms)
[9:59:00 p. m.] ⚠️ GET /cropper.min.js -> 304 (2ms)
[9:59:00 p. m.] ⚠️ GET /qrcode.min.js -> 304 (4ms)
[9:59:00 p. m.] ⚠️ GET /core.js -> 304 (4ms)
[9:59:01 p. m.] ⚠️ GET /pos.js -> 304 (6ms)
[9:59:01 p. m.] ⚠️ GET /storage-core.js -> 304 (6ms)
[9:59:01 p. m.] ⚠️ GET /scanner.js -> 304 (6ms)
[9:59:01 p. m.] ⚠️ GET /inventory.js -> 304 (3ms)
[9:59:00 p. m.] ✅ GET /auth.js -> 200 (30ms)
[9:59:01 p. m.] ⚠️ GET /messaging.js -> 304 (2ms)
[9:59:01 p. m.] ⚠️ GET /payments-logic.js -> 304 (6ms)
[9:59:01 p. m.] ⚠️ GET /themead/dashboard-themes.js -> 304 (11ms)
[9:59:01 p. m.] ⚠️ GET /dashboard.js -> 304 (6ms)
[9:59:01 p. m.] ⚠️ GET /goper/expenses-logic.js -> 304 (11ms)
[9:59:01 p. m.] ⚠️ GET /sales-logic.js -> 304 (11ms)
✅ Login exitoso para: admin
[9:59:10 p. m.] ✅ POST /login -> 200 (340ms)
[9:59:10 p. m.] ✅ GET /sales -> 200 (127ms)
[9:59:10 p. m.] ⚠️ GET /products -> 304 (335ms)
[9:59:11 p. m.] ❌ GET /camiseta-oversize.jpg -> 404 (12ms)
[9:59:10 p. m.] ✅ GET /stats -> 200 (425ms)
[9:59:11 p. m.] ✅ GET /status -> 200 (33ms)
[9:59:11 p. m.] ❌ GET /api/analytics/top-products -> 404 (2ms)
[9:59:20 p. m.] ❌ GET /camiseta-oversize.jpg -> 404 (2ms)
[9:59:24 p. m.] ❌ GET /camiseta-oversize.jpg -> 404 (2ms)
[9:59:32 p. m.] ⚠️ GET /sales -> 304 (24ms)
[9:59:35 p. m.] ✅ GET /expenses ?{"month":"2026-06"} -> 200 (18ms)
[9:59:35 p. m.] ✅ GET /expenses/by-category ?{"month":"2026-06"} -> 200 (28ms)
[9:59:35 p. m.] ✅ GET /expenses/weekly ?{"month":"2026-06"} -> 200 (31ms)
[9:59:35 p. m.] ✅ GET /expenses/summary ?{"month":"2026-06"} -> 200 (33ms)
[9:59:38 p. m.] ⚠️ GET /sales -> 304 (55ms)
[Startup] MODO: production
[Startup] ARCHIVO: .env
🔌 Intentando conectar a: postgresql://postgres:****@localhost:5432/dezpy_v01
🐘 Prisma Client (PostgreSQL) inicializado con capa de compatibilidad

🚀 WINNER STORE Corriendo en: http://localhost:3000
🌐 Acceso Externo (Túnel): https://renewed-encore-entomb.ngrok-free.dev
🔐 Servidor iniciado con seguridad JWT y API Key activa

🐘 Conexión verificada con éxito a PostgreSQL
📧 [Mailer] Servidor de correo listo para enviar mensajes
[Startup] MODO: production
[Startup] ARCHIVO: .env
🔌 Intentando conectar a: postgresql://postgres:****@localhost:5432/dezpy_v01
🐘 Prisma Client (PostgreSQL) inicializado con capa de compatibilidad

🚀 WINNER STORE Corriendo en: http://localhost:3000
🌐 Acceso Externo (Túnel): https://renewed-encore-entomb.ngrok-free.dev
🔐 Servidor iniciado con seguridad JWT y API Key activa

🐘 Conexión verificada con éxito a PostgreSQL
📧 [Mailer] Servidor de correo listo para enviar mensajes
[10:35:45 p. m.] ⚠️ GET /admin-panel.html -> 304 (245ms)
[10:35:49 p. m.] ⚠️ GET /admin-panel.html -> 304 (4ms)
[10:36:04 p. m.] ⚠️ GET /admin-panel.html -> 304 (2ms)
[10:37:04 p. m.] ⚠️ GET /admin-panel.html -> 304 (2ms)
2026-06-10 23:35:59: [Startup] MODO: production
2026-06-10 23:35:59: [Startup] ARCHIVO: .env
2026-06-10 23:36:02: 🔌 Intentando conectar a: postgresql://postgres:****@localhost:5432/dezpy_v01
2026-06-10 23:36:02: 🐘 Prisma Client (PostgreSQL) inicializado con capa de compatibilidad
2026-06-10 23:36:02: 
2026-06-10 23:36:02: 🚀 WINNER STORE Corriendo en: http://localhost:3000
2026-06-10 23:36:02: 🌐 Acceso Externo (Túnel): https://renewed-encore-entomb.ngrok-free.dev
2026-06-10 23:36:02: 🔐 Servidor iniciado con seguridad JWT y API Key activa
2026-06-10 23:36:02: 
2026-06-10 23:36:02: 🐘 Conexión verificada con éxito a PostgreSQL
2026-06-10 23:36:04: 📧 [Mailer] Servidor de correo listo para enviar mensajes
2026-06-10 23:37:07: [Startup] MODO: production
2026-06-10 23:37:07: [Startup] ARCHIVO: .env
2026-06-10 23:37:09: 🔌 Intentando conectar a: postgresql://postgres:****@localhost:5432/dezpy_v01
2026-06-10 23:37:09: 🐘 Prisma Client (PostgreSQL) inicializado con capa de compatibilidad
2026-06-10 23:37:09: 
2026-06-10 23:37:09: 🚀 WINNER STORE Corriendo en: http://localhost:3000
2026-06-10 23:37:09: 🌐 Acceso Externo (Túnel): https://renewed-encore-entomb.ngrok-free.dev
2026-06-10 23:37:09: 🔐 Servidor iniciado con seguridad JWT y API Key activa
2026-06-10 23:37:09: 
2026-06-10 23:37:09: 🐘 Conexión verificada con éxito a PostgreSQL
2026-06-10 23:37:12: 📧 [Mailer] Servidor de correo listo para enviar mensajes
2026-06-10 23:41:16: [Startup] MODO: production
2026-06-10 23:41:16: [Startup] ARCHIVO: .env
2026-06-10 23:41:18: 🔌 Intentando conectar a: postgresql://postgres:****@localhost:5432/dezpy_v01
2026-06-10 23:41:18: 🐘 Prisma Client (PostgreSQL) inicializado con capa de compatibilidad
2026-06-10 23:41:18: 
2026-06-10 23:41:18: 🚀 WINNER STORE Corriendo en: http://localhost:3000
2026-06-10 23:41:18: 🌐 Acceso Externo (Túnel): https://renewed-encore-entomb.ngrok-free.dev
2026-06-10 23:41:18: 🔐 Servidor iniciado con seguridad JWT y API Key activa
2026-06-10 23:41:18: 
2026-06-10 23:41:18: 🐘 Conexión verificada con éxito a PostgreSQL
2026-06-10 23:41:19: 📧 [Mailer] Servidor de correo listo para enviar mensajes
2026-06-10 23:48:00: [Startup] MODO: production
2026-06-10 23:48:00: [Startup] ARCHIVO: .env
2026-06-10 23:48:03: 🔌 Intentando conectar a: postgresql://postgres:****@localhost:5432/dezpy_v01
2026-06-10 23:48:03: 🐘 Prisma Client (PostgreSQL) inicializado con capa de compatibilidad
2026-06-10 23:48:03: 
2026-06-10 23:48:03: 🚀 WINNER STORE Corriendo en: http://localhost:30001
2026-06-10 23:48:03: 🌐 Acceso Externo (Túnel): https://renewed-encore-entomb.ngrok-free.dev
2026-06-10 23:48:03: 🔐 Servidor iniciado con seguridad JWT y API Key activa
2026-06-10 23:48:03: 
2026-06-10 23:48:03: 🐘 Conexión verificada con éxito a PostgreSQL
2026-06-10 23:48:04: 📧 [Mailer] Servidor de correo listo para enviar mensajes
2026-06-10 23:48:54: [11:48:54 p. m.] ✅ GET / -> 200 (269ms)
2026-06-10 23:48:54: [11:48:54 p. m.] ✅ GET /styles.css -> 200 (6ms)
2026-06-10 23:48:55: [11:48:55 p. m.] ✅ GET /core.js -> 200 (6ms)
2026-06-10 23:48:55: [11:48:55 p. m.] ✅ GET /footers/shop.js -> 200 (11ms)
2026-06-10 23:48:55: [11:48:55 p. m.] ✅ GET /footers/info.js -> 200 (12ms)
2026-06-10 23:48:55: [11:48:55 p. m.] ✅ GET /footers/help.js -> 200 (19ms)
2026-06-10 23:48:55: [11:48:55 p. m.] ✅ GET /logistica/shipping-logic.js -> 200 (24ms)
2026-06-10 23:48:55: [11:48:55 p. m.] ✅ GET /footers/store-info.js -> 200 (18ms)
2026-06-10 23:48:55: [11:48:55 p. m.] ✅ GET /footers/returns.js -> 200 (15ms)
2026-06-10 23:48:55: [11:48:55 p. m.] ✅ GET /explorer/categories-rotator.js -> 200 (6ms)
2026-06-10 23:48:55: [11:48:55 p. m.] ✅ GET /LIMITED/featured.js -> 200 (5ms)
2026-06-10 23:48:55: [11:48:55 p. m.] ✅ GET /reviews/hero-effects.js -> 200 (10ms)
2026-06-10 23:48:55: [11:48:55 p. m.] ✅ GET /reviews/feedback.js -> 200 (13ms)
2026-06-10 23:48:55: [11:48:55 p. m.] ✅ GET /LIMITED/promo.js -> 200 (5ms)
2026-06-10 23:48:55: [11:48:55 p. m.] ✅ GET /app.js -> 200 (9ms)
2026-06-10 23:48:55: [11:48:55 p. m.] ✅ GET /api/config -> 200 (6ms)
2026-06-10 23:48:55: [11:48:55 p. m.] ❌ GET /favicon.ico -> 404 (7ms)
2026-06-10 23:48:56: [11:48:55 p. m.] ✅ GET /products -> 200 (326ms)
2026-06-10 23:49:17: [11:49:17 p. m.] ✅ GET /admin-panel.html -> 200 (7ms)
2026-06-10 23:49:17: [11:49:17 p. m.] ✅ GET /admin-panel.css -> 200 (6ms)
2026-06-10 23:49:17: [11:49:17 p. m.] ✅ GET /goper/expenses-logic.css -> 200 (10ms)
2026-06-10 23:49:17: [11:49:17 p. m.] ✅ GET /payments-logic.css -> 200 (12ms)
2026-06-10 23:49:17: [11:49:17 p. m.] ✅ GET /qrcode.min.js -> 200 (16ms)
2026-06-10 23:49:17: [11:49:17 p. m.] ✅ GET /cropper.min.css -> 200 (6ms)
2026-06-10 23:49:17: [11:49:17 p. m.] ✅ GET /cropper.min.js -> 200 (11ms)
2026-06-10 23:49:17: [11:49:17 p. m.] ✅ GET /auth.js -> 200 (4ms)
2026-06-10 23:49:17: [11:49:17 p. m.] ✅ GET /storage-core.js -> 200 (6ms)
2026-06-10 23:49:17: [11:49:17 p. m.] ✅ GET /inventory.js -> 200 (13ms)
2026-06-10 23:49:17: [11:49:17 p. m.] ✅ GET /pos.js -> 200 (11ms)
2026-06-10 23:49:17: [11:49:17 p. m.] ✅ GET /scanner.js -> 200 (10ms)
2026-06-10 23:49:17: [11:49:17 p. m.] ✅ GET /themead/dashboard-themes.js -> 200 (10ms)
2026-06-10 23:49:17: [11:49:17 p. m.] ✅ GET /messaging.js -> 200 (13ms)
2026-06-10 23:49:17: [11:49:17 p. m.] ✅ GET /dashboard.js -> 200 (9ms)
2026-06-10 23:49:17: [11:49:17 p. m.] ⚠️ GET /core.js -> 304 (8ms)
2026-06-10 23:49:17: [11:49:17 p. m.] ✅ GET /sales-logic.js -> 200 (15ms)
2026-06-10 23:49:17: [11:49:17 p. m.] ✅ GET /payments-logic.js -> 200 (16ms)
2026-06-10 23:49:17: [11:49:17 p. m.] ✅ GET /goper/expenses-logic.js -> 200 (16ms)
2026-06-10 23:49:27: ✅ Login exitoso para: admin
2026-06-10 23:49:27: [11:49:26 p. m.] ✅ POST /login -> 200 (272ms)
2026-06-10 23:49:27: [11:49:27 p. m.] ✅ GET /sales -> 200 (464ms)
2026-06-10 23:49:27: [11:49:27 p. m.] ⚠️ GET /products -> 304 (472ms)
2026-06-10 23:49:27: [11:49:27 p. m.] ✅ GET /stats -> 200 (561ms)
2026-06-10 23:49:28: [11:49:27 p. m.] ✅ GET /status -> 200 (61ms)
2026-06-10 23:49:28: [11:49:28 p. m.] ✅ GET /analytics/top-products -> 200 (36ms)
2026-06-10 23:49:36: [11:49:36 p. m.] ⚠️ GET /sales -> 304 (36ms)
2026-06-10 23:50:56: [11:50:55 p. m.] ✅ POST /sales -> 200 (555ms)
2026-06-10 23:50:56: [11:50:56 p. m.] ✅ GET /products -> 200 (45ms)
2026-06-10 23:50:56: [11:50:56 p. m.] ✅ GET /sales -> 200 (485ms)
2026-06-10 23:50:57: [11:50:56 p. m.] ✅ GET /stats -> 200 (608ms)
2026-06-10 23:50:57: [11:50:57 p. m.] ⚠️ GET /status -> 304 (33ms)
2026-06-10 23:50:57: [11:50:57 p. m.] ✅ GET /analytics/top-products -> 200 (14ms)
2026-06-10 23:53:33: [11:53:32 p. m.] ⚠️ GET /sales -> 304 (1123ms)
2026-06-10 23:53:36: [11:53:36 p. m.] ✅ GET /expenses/summary ?{"month":"2026-06"} -> 200 (65ms)
2026-06-10 23:53:36: [11:53:36 p. m.] ✅ GET /expenses/by-category ?{"month":"2026-06"} -> 200 (290ms)
2026-06-10 23:53:36: [11:53:36 p. m.] ✅ GET /expenses/weekly ?{"month":"2026-06"} -> 200 (305ms)
2026-06-10 23:53:36: [11:53:36 p. m.] ✅ GET /expenses ?{"month":"2026-06"} -> 200 (318ms)
2026-06-10 23:53:39: [11:53:38 p. m.] ⚠️ GET /sales -> 304 (93ms)
2026-06-10 23:54:28: [11:54:27 p. m.] ✅ POST /sales -> 200 (539ms)
2026-06-10 23:54:29: [11:54:29 p. m.] ✅ GET /products -> 200 (16ms)
2026-06-10 23:54:29: [11:54:28 p. m.] ✅ GET /stats -> 200 (524ms)
2026-06-10 23:54:29: [11:54:29 p. m.] ✅ GET /status -> 200 (17ms)
2026-06-10 23:54:29: [11:54:28 p. m.] ✅ GET /sales -> 200 (579ms)
2026-06-10 23:54:29: [11:54:29 p. m.] ✅ GET /analytics/top-products -> 200 (21ms)
2026-06-10 23:54:32: [Mailer] Email enviado: <78d77779-8f1b-cc0d-9919-8827ee90e8c0@gmail.com>
2026-06-10 23:54:52: [11:54:52 p. m.] ⚠️ GET /products -> 304 (40ms)
2026-06-10 23:54:52: [11:54:52 p. m.] ⚠️ GET /sales -> 304 (49ms)
2026-06-10 23:54:52: [11:54:52 p. m.] ⚠️ GET /stats -> 304 (259ms)
2026-06-10 23:54:52: [11:54:52 p. m.] ⚠️ GET /status -> 304 (13ms)
2026-06-10 23:54:52: [11:54:52 p. m.] ⚠️ GET /analytics/top-products -> 304 (14ms)
2026-06-10 23:59:24: [11:59:23 p. m.] ✅ POST /sales -> 200 (852ms)
2026-06-10 23:59:24: [11:59:24 p. m.] ✅ GET /sales -> 200 (97ms)
2026-06-10 23:59:25: [11:59:24 p. m.] ✅ GET /stats -> 200 (576ms)
2026-06-10 23:59:25: [11:59:24 p. m.] ✅ GET /products -> 200 (543ms)
2026-06-10 23:59:25: [11:59:25 p. m.] ⚠️ GET /status -> 304 (27ms)
2026-06-10 23:59:25: [11:59:25 p. m.] ✅ GET /analytics/top-products -> 200 (13ms)
2026-06-10 23:59:27: [Mailer] Email enviado: <5656ec09-3e1e-292b-4c04-cfdc5ec3d473@gmail.com>
2026-06-10 23:59:29: [11:59:29 p. m.] ⚠️ GET /expenses ?{"month":"2026-06"} -> 304 (43ms)
2026-06-10 23:59:29: [11:59:29 p. m.] ⚠️ GET /expenses/weekly ?{"month":"2026-06"} -> 304 (53ms)
2026-06-10 23:59:29: [11:59:29 p. m.] ⚠️ GET /expenses/summary ?{"month":"2026-06"} -> 304 (56ms)
2026-06-10 23:59:29: [11:59:29 p. m.] ⚠️ GET /expenses/by-category ?{"month":"2026-06"} -> 304 (77ms)
2026-06-10 23:59:31: [11:59:31 p. m.] ⚠️ GET /sales -> 304 (37ms)
2026-06-10 23:59:45: [11:59:45 p. m.] ⚠️ GET /stats -> 304 (15ms)
2026-06-10 23:59:45: [11:59:45 p. m.] ⚠️ GET /products -> 304 (22ms)
2026-06-10 23:59:45: [11:59:45 p. m.] ⚠️ GET /sales -> 304 (40ms)
2026-06-10 23:59:45: [11:59:45 p. m.] ⚠️ GET /status -> 304 (14ms)
2026-06-10 23:59:45: [11:59:45 p. m.] ⚠️ GET /analytics/top-products -> 304 (10ms)
2026-06-11 00:02:47: [12:02:47 a. m.] ⚠️ GET /expenses/summary ?{"month":"2026-06"} -> 304 (583ms)
2026-06-11 00:02:47: [12:02:47 a. m.] ⚠️ GET /expenses/weekly ?{"month":"2026-06"} -> 304 (598ms)
2026-06-11 00:02:47: [12:02:47 a. m.] ⚠️ GET /expenses ?{"month":"2026-06"} -> 304 (600ms)
2026-06-11 00:02:47: [12:02:47 a. m.] ⚠️ GET /expenses/by-category ?{"month":"2026-06"} -> 304 (630ms)
2026-06-11 00:02:47: [12:02:47 a. m.] ⚠️ GET /sales -> 304 (61ms)
2026-06-11 00:02:50: [12:02:50 a. m.] ⚠️ GET /expenses/weekly ?{"month":"2026-06"} -> 304 (18ms)
2026-06-11 00:02:50: [12:02:50 a. m.] ⚠️ GET /expenses/summary ?{"month":"2026-06"} -> 304 (22ms)
2026-06-11 00:02:50: [12:02:50 a. m.] ⚠️ GET /expenses ?{"month":"2026-06"} -> 304 (22ms)
2026-06-11 00:02:50: [12:02:50 a. m.] ⚠️ GET /expenses/by-category ?{"month":"2026-06"} -> 304 (27ms)
2026-06-11 00:02:51: [12:02:51 a. m.] ⚠️ GET /sales -> 304 (35ms)
2026-06-11 00:02:59: [12:02:59 a. m.] ⚠️ GET /sales -> 304 (121ms)
2026-06-11 00:02:59: [12:02:59 a. m.] ⚠️ GET /products -> 304 (152ms)
2026-06-11 00:03:00: [12:02:59 a. m.] ✅ GET /stats -> 200 (801ms)
2026-06-11 00:03:01: [12:03:01 a. m.] ⚠️ GET /status -> 304 (36ms)
2026-06-11 00:03:02: [12:03:02 a. m.] ⚠️ GET /analytics/top-products -> 304 (32ms)
2026-06-11 00:07:32: [Startup] MODO: production
2026-06-11 00:07:32: [Startup] ARCHIVO: .env
2026-06-11 00:07:34: 🔌 Intentando conectar a: postgresql://postgres:****@localhost:5432/dezpy_v01
2026-06-11 00:07:34: 🐘 Prisma Client (PostgreSQL) inicializado con capa de compatibilidad
2026-06-11 00:07:34: 
2026-06-11 00:07:34: 🚀 WINNER STORE Corriendo en: http://localhost:3000
2026-06-11 00:07:34: 🌐 Acceso Externo (Túnel): https://renewed-encore-entomb.ngrok-free.dev
2026-06-11 00:07:34: 🔐 Servidor iniciado con seguridad JWT y API Key activa
2026-06-11 00:07:34: 
2026-06-11 00:07:35: 🐘 Conexión verificada con éxito a PostgreSQL
2026-06-11 00:07:36: 📧 [Mailer] Servidor de correo listo para enviar mensajes
2026-06-11 00:09:21: [12:09:21 a. m.] ⚠️ GET / -> 304 (200ms)
2026-06-11 00:09:21: [12:09:21 a. m.] ⚠️ GET /styles.css -> 304 (4ms)
2026-06-11 00:09:21: [12:09:21 a. m.] ⚠️ GET /footers/shop.js -> 304 (6ms)
2026-06-11 00:09:21: [12:09:21 a. m.] ✅ GET /core.js -> 200 (30ms)
2026-06-11 00:09:21: [12:09:21 a. m.] ⚠️ GET /footers/store-info.js -> 304 (11ms)
2026-06-11 00:09:21: [12:09:21 a. m.] ⚠️ GET /logistica/shipping-logic.js -> 304 (15ms)
2026-06-11 00:09:21: [12:09:21 a. m.] ⚠️ GET /footers/help.js -> 304 (14ms)
2026-06-11 00:09:21: [12:09:21 a. m.] ⚠️ GET /footers/info.js -> 304 (14ms)
2026-06-11 00:09:21: [12:09:21 a. m.] ⚠️ GET /reviews/feedback.js -> 304 (9ms)
2026-06-11 00:09:21: [12:09:21 a. m.] ⚠️ GET /footers/returns.js -> 304 (5ms)
2026-06-11 00:09:21: [12:09:21 a. m.] ⚠️ GET /explorer/categories-rotator.js -> 304 (6ms)
2026-06-11 00:09:21: [12:09:21 a. m.] ⚠️ GET /reviews/hero-effects.js -> 304 (3ms)
2026-06-11 00:09:21: [12:09:21 a. m.] ⚠️ GET /LIMITED/featured.js -> 304 (3ms)
2026-06-11 00:09:21: [12:09:21 a. m.] ⚠️ GET /LIMITED/promo.js -> 304 (4ms)
2026-06-11 00:09:21: [12:09:21 a. m.] ⚠️ GET /app.js -> 304 (3ms)
2026-06-11 00:09:22: [12:09:22 a. m.] ⚠️ GET /api/config -> 304 (8ms)
2026-06-11 00:09:22: [12:09:22 a. m.] ✅ GET /products -> 200 (322ms)
2026-06-11 00:10:28: [12:10:28 a. m.] ✅ POST /sales -> 200 (368ms)
2026-06-11 00:10:28: [12:10:28 a. m.] ❌ POST /api/checkout/init -> 404 (3ms)
2026-06-11 00:10:32: [Mailer] Email enviado: <2189609e-1b0c-6ab0-6a11-590788b1c145@gmail.com>
2026-06-11 00:10:50: [12:10:50 a. m.] ✅ POST /sales -> 200 (72ms)
2026-06-11 00:10:52: [Mailer] Email enviado: <0d0b1bc2-1fcb-e08b-ccac-226bd298079e@gmail.com>
2026-06-11 00:12:58: [12:12:58 a. m.] ⚠️ GET / -> 304 (40ms)
2026-06-11 00:12:58: [12:12:58 a. m.] ⚠️ GET /styles.css -> 304 (4ms)
2026-06-11 00:12:58: [12:12:58 a. m.] ⚠️ GET /footers/info.js -> 304 (3ms)
2026-06-11 00:12:58: [12:12:58 a. m.] ⚠️ GET /core.js -> 304 (7ms)
2026-06-11 00:12:58: [12:12:58 a. m.] ⚠️ GET /footers/shop.js -> 304 (6ms)
2026-06-11 00:12:58: [12:12:58 a. m.] ⚠️ GET /footers/help.js -> 304 (7ms)
2026-06-11 00:12:58: [12:12:58 a. m.] ⚠️ GET /logistica/shipping-logic.js -> 304 (11ms)
2026-06-11 00:12:58: [12:12:58 a. m.] ⚠️ GET /footers/store-info.js -> 304 (9ms)
2026-06-11 00:12:58: [12:12:58 a. m.] ⚠️ GET /footers/returns.js -> 304 (2ms)
2026-06-11 00:12:58: [12:12:58 a. m.] ⚠️ GET /explorer/categories-rotator.js -> 304 (1ms)
2026-06-11 00:12:58: [12:12:58 a. m.] ⚠️ GET /reviews/hero-effects.js -> 304 (3ms)
2026-06-11 00:12:58: [12:12:58 a. m.] ⚠️ GET /reviews/feedback.js -> 304 (5ms)
2026-06-11 00:12:58: [12:12:58 a. m.] ⚠️ GET /LIMITED/featured.js -> 304 (9ms)
2026-06-11 00:12:58: [12:12:58 a. m.] ⚠️ GET /LIMITED/promo.js -> 304 (1ms)
2026-06-11 00:12:58: [12:12:58 a. m.] ⚠️ GET /app.js -> 304 (3ms)
2026-06-11 00:12:59: [12:12:59 a. m.] ⚠️ GET /api/config -> 304 (17ms)
2026-06-11 00:12:59: [12:12:59 a. m.] ✅ GET /products -> 200 (368ms)
2026-06-11 00:13:32: [12:13:32 a. m.] ✅ POST /sales -> 200 (441ms)
2026-06-11 00:13:32: [12:13:32 a. m.] ❌ POST /api/checkout/init -> 404 (8ms)
2026-06-11 00:13:35: [Mailer] Email enviado: <468cdd87-64a4-87e6-ea89-260384b5fee3@gmail.com>
2026-06-11 00:17:31: [Startup] MODO: production
2026-06-11 00:17:31: [Startup] ARCHIVO: .env
2026-06-11 00:17:34: 🔌 Intentando conectar a: postgresql://postgres:****@localhost:5432/dezpy_v01
2026-06-11 00:17:34: 🐘 Prisma Client (PostgreSQL) inicializado con capa de compatibilidad
2026-06-11 00:17:34: 
2026-06-11 00:17:34: 🚀 WINNER STORE Corriendo en: http://localhost:3000
2026-06-11 00:17:34: 🌐 Acceso Externo (Túnel): https://renewed-encore-entomb.ngrok-free.dev
2026-06-11 00:17:34: 🔐 Servidor iniciado con seguridad JWT y API Key activa
2026-06-11 00:17:34: 
2026-06-11 00:17:34: 🐘 Conexión verificada con éxito a PostgreSQL
2026-06-11 00:17:36: 📧 [Mailer] Servidor de correo listo para enviar mensajes
2026-06-11 00:26:57: [Startup] MODO: production
2026-06-11 00:26:57: [Startup] ARCHIVO: .env
2026-06-11 00:26:59: 🔌 Intentando conectar a: postgresql://postgres:****@localhost:5432/dezpy_v01
2026-06-11 00:26:59: 🐘 Prisma Client (PostgreSQL) inicializado con capa de compatibilidad
2026-06-11 00:26:59: 
2026-06-11 00:26:59: 🚀 WINNER STORE Corriendo en: http://localhost:3000
2026-06-11 00:26:59: 🌐 Acceso Externo (Túnel): https://renewed-encore-entomb.ngrok-free.dev
2026-06-11 00:26:59: 🔐 Servidor iniciado con seguridad JWT y API Key activa
2026-06-11 00:26:59: 
2026-06-11 00:26:59: 🐘 Conexión verificada con éxito a PostgreSQL
2026-06-11 00:27:00: 📧 [Mailer] Servidor de correo listo para enviar mensajes
2026-06-11 00:27:06: [Startup] MODO: production
2026-06-11 00:27:06: [Startup] ARCHIVO: .env
2026-06-11 00:27:07: 🔌 Intentando conectar a: postgresql://postgres:****@localhost:5432/dezpy_v01
2026-06-11 00:27:07: 🐘 Prisma Client (PostgreSQL) inicializado con capa de compatibilidad
2026-06-11 00:27:07: 
2026-06-11 00:27:07: 🚀 WINNER STORE Corriendo en: http://localhost:3000
2026-06-11 00:27:07: 🌐 Acceso Externo (Túnel): https://renewed-encore-entomb.ngrok-free.dev
2026-06-11 00:27:07: 🔐 Servidor iniciado con seguridad JWT y API Key activa
2026-06-11 00:27:07: 
2026-06-11 00:27:07: 🐘 Conexión verificada con éxito a PostgreSQL
2026-06-11 00:27:08: 📧 [Mailer] Servidor de correo listo para enviar mensajes
2026-06-11 00:49:29: [Startup] MODO: production
2026-06-11 00:49:29: [Startup] ARCHIVO: .env
2026-06-11 00:49:31: 🔌 Intentando conectar a: postgresql://postgres:****@localhost:5432/dezpy_v01
2026-06-11 00:49:31: 🐘 Prisma Client (PostgreSQL) inicializado con capa de compatibilidad
2026-06-11 00:49:31: 
2026-06-11 00:49:31: 🚀 WINNER STORE Corriendo en: http://localhost:3000
2026-06-11 00:49:31: 🌐 Acceso Externo (Túnel): https://renewed-encore-entomb.ngrok-free.dev
2026-06-11 00:49:31: 🔐 Servidor iniciado con seguridad JWT y API Key activa
2026-06-11 00:49:31: 
2026-06-11 00:49:31: 🐘 Conexión verificada con éxito a PostgreSQL
2026-06-11 00:49:31: 📧 [Mailer] Servidor de correo listo para enviar mensajes
2026-06-11 00:49:37: [Startup] MODO: production
2026-06-11 00:49:37: [Startup] ARCHIVO: .env
2026-06-11 00:49:38: 🔌 Intentando conectar a: postgresql://postgres:****@localhost:5432/dezpy_v01
2026-06-11 00:49:38: 🐘 Prisma Client (PostgreSQL) inicializado con capa de compatibilidad
2026-06-11 00:49:38: 
2026-06-11 00:49:38: 🚀 WINNER STORE Corriendo en: http://localhost:3000
2026-06-11 00:49:38: 🌐 Acceso Externo (Túnel): https://renewed-encore-entomb.ngrok-free.dev
2026-06-11 00:49:38: 🔐 Servidor iniciado con seguridad JWT y API Key activa
2026-06-11 00:49:38: 
2026-06-11 00:49:38: 🐘 Conexión verificada con éxito a PostgreSQL
2026-06-11 00:49:39: 📧 [Mailer] Servidor de correo listo para enviar mensajes
2026-06-11 01:03:32: [Startup] MODO: production
2026-06-11 01:03:32: [Startup] ARCHIVO: .env
2026-06-11 01:03:34: 🔌 Intentando conectar a: postgresql://postgres:****@localhost:5432/dezpy_v01
2026-06-11 01:03:34: 🐘 Prisma Client (PostgreSQL) inicializado con capa de compatibilidad
2026-06-11 01:03:34: 
2026-06-11 01:03:34: 🚀 WINNER STORE Corriendo en: http://localhost:3000
2026-06-11 01:03:34: 🌐 Acceso Externo (Túnel): https://renewed-encore-entomb.ngrok-free.dev
2026-06-11 01:03:34: 🔐 Servidor iniciado con seguridad JWT y API Key activa
2026-06-11 01:03:34: 
2026-06-11 01:03:34: 🐘 Conexión verificada con éxito a PostgreSQL
2026-06-11 01:03:35: 📧 [Mailer] Servidor de correo listo para enviar mensajes
2026-06-11 01:03:40: [Startup] MODO: production
2026-06-11 01:03:40: [Startup] ARCHIVO: .env
2026-06-11 01:03:41: 🔌 Intentando conectar a: postgresql://postgres:****@localhost:5432/dezpy_v01
2026-06-11 01:03:41: 🐘 Prisma Client (PostgreSQL) inicializado con capa de compatibilidad
2026-06-11 01:03:41: 
2026-06-11 01:03:41: 🚀 WINNER STORE Corriendo en: http://localhost:3000
2026-06-11 01:03:41: 🌐 Acceso Externo (Túnel): https://renewed-encore-entomb.ngrok-free.dev
2026-06-11 01:03:41: 🔐 Servidor iniciado con seguridad JWT y API Key activa
2026-06-11 01:03:41: 
2026-06-11 01:03:41: 🐘 Conexión verificada con éxito a PostgreSQL
2026-06-11 01:03:42: 📧 [Mailer] Servidor de correo listo para enviar mensajes
2026-06-11 01:15:53: [Startup] MODO: production
2026-06-11 01:15:53: [Startup] ARCHIVO: .env
2026-06-11 01:15:54: 🔌 Intentando conectar a: postgresql://postgres:****@localhost:5432/dezpy_v01
2026-06-11 01:15:54: 🐘 Prisma Client (PostgreSQL) inicializado con capa de compatibilidad
2026-06-11 01:15:54: 
2026-06-11 01:15:54: 🚀 WINNER STORE Corriendo en: http://localhost:3000
2026-06-11 01:15:54: 🌐 Acceso Externo (Túnel): https://renewed-encore-entomb.ngrok-free.dev
2026-06-11 01:15:54: 🔐 Servidor iniciado con seguridad JWT y API Key activa
2026-06-11 01:15:54: 
2026-06-11 01:15:54: 🐘 Conexión verificada con éxito a PostgreSQL
2026-06-11 01:15:55: 📧 [Mailer] Servidor de correo listo para enviar mensajes
2026-06-11 01:16:03: [Startup] MODO: production
2026-06-11 01:16:03: [Startup] ARCHIVO: .env
2026-06-11 01:16:04: 🔌 Intentando conectar a: postgresql://postgres:****@localhost:5432/dezpy_v01
2026-06-11 01:16:04: 🐘 Prisma Client (PostgreSQL) inicializado con capa de compatibilidad
2026-06-11 01:16:04: 
2026-06-11 01:16:04: 🚀 WINNER STORE Corriendo en: http://localhost:3000
2026-06-11 01:16:04: 🌐 Acceso Externo (Túnel): https://renewed-encore-entomb.ngrok-free.dev
2026-06-11 01:16:04: 🔐 Servidor iniciado con seguridad JWT y API Key activa
2026-06-11 01:16:04: 
2026-06-11 01:16:04: 🐘 Conexión verificada con éxito a PostgreSQL
2026-06-11 01:16:04: 📧 [Mailer] Servidor de correo listo para enviar mensajes
2026-06-11 01:25:19: [Startup] MODO: production
2026-06-11 01:25:19: [Startup] ARCHIVO: .env
2026-06-11 01:25:21: 🔌 Intentando conectar a: postgresql://postgres:****@localhost:5432/dezpy_v01
2026-06-11 01:25:21: 🐘 Prisma Client (PostgreSQL) inicializado con capa de compatibilidad
2026-06-11 01:25:21: 
2026-06-11 01:25:21: 🚀 WINNER STORE Corriendo en: http://localhost:3000
2026-06-11 01:25:21: 🌐 Acceso Externo (Túnel): https://renewed-encore-entomb.ngrok-free.dev
2026-06-11 01:25:21: 🔐 Servidor iniciado con seguridad JWT y API Key activa
2026-06-11 01:25:21: 
2026-06-11 01:25:21: 🐘 Conexión verificada con éxito a PostgreSQL
2026-06-11 01:25:22: 📧 [Mailer] Servidor de correo listo para enviar mensajes
2026-06-11 01:25:29: [Startup] MODO: production
2026-06-11 01:25:29: [Startup] ARCHIVO: .env
2026-06-11 01:25:30: 🔌 Intentando conectar a: postgresql://postgres:****@localhost:5432/dezpy_v01
2026-06-11 01:25:30: 🐘 Prisma Client (PostgreSQL) inicializado con capa de compatibilidad
2026-06-11 01:25:30: 
2026-06-11 01:25:30: 🚀 WINNER STORE Corriendo en: http://localhost:3000
2026-06-11 01:25:30: 🌐 Acceso Externo (Túnel): https://renewed-encore-entomb.ngrok-free.dev
2026-06-11 01:25:30: 🔐 Servidor iniciado con seguridad JWT y API Key activa
2026-06-11 01:25:30: 
2026-06-11 01:25:30: 🐘 Conexión verificada con éxito a PostgreSQL
2026-06-11 01:25:31: 📧 [Mailer] Servidor de correo listo para enviar mensajes
2026-06-11 01:29:27: [Startup] MODO: production
2026-06-11 01:29:27: [Startup] ARCHIVO: .env
2026-06-11 01:29:29: 🔌 Intentando conectar a: postgresql://postgres:****@localhost:5432/dezpy_v01
2026-06-11 01:29:30: 🐘 Prisma Client (PostgreSQL) inicializado con capa de compatibilidad
2026-06-11 01:29:30: 
2026-06-11 01:29:30: 🚀 WINNER STORE Corriendo en: http://localhost:3000
2026-06-11 01:29:30: 🌐 Acceso Externo (Túnel): https://renewed-encore-entomb.ngrok-free.dev
2026-06-11 01:29:30: 🔐 Servidor iniciado con seguridad JWT y API Key activa
2026-06-11 01:29:30: 
2026-06-11 01:29:30: 🐘 Conexión verificada con éxito a PostgreSQL
2026-06-11 01:29:31: 📧 [Mailer] Servidor de correo listo para enviar mensajes
2026-06-11 01:29:39: [Startup] MODO: production
2026-06-11 01:29:39: [Startup] ARCHIVO: .env
2026-06-11 01:29:40: 🔌 Intentando conectar a: postgresql://postgres:****@localhost:5432/dezpy_v01
2026-06-11 01:29:40: 🐘 Prisma Client (PostgreSQL) inicializado con capa de compatibilidad
2026-06-11 01:29:40: 
2026-06-11 01:29:40: 🚀 WINNER STORE Corriendo en: http://localhost:3000
2026-06-11 01:29:40: 🌐 Acceso Externo (Túnel): https://renewed-encore-entomb.ngrok-free.dev
2026-06-11 01:29:40: 🔐 Servidor iniciado con seguridad JWT y API Key activa
2026-06-11 01:29:40: 
2026-06-11 01:29:40: 🐘 Conexión verificada con éxito a PostgreSQL
2026-06-11 01:29:41: 📧 [Mailer] Servidor de correo listo para enviar mensajes
2026-06-11 01:31:47: [Startup] MODO: production
2026-06-11 01:31:47: [Startup] ARCHIVO: .env
2026-06-11 01:31:49: 🔌 Intentando conectar a: postgresql://postgres:****@localhost:5432/dezpy_v01
2026-06-11 01:31:49: 🐘 Prisma Client (PostgreSQL) inicializado con capa de compatibilidad
2026-06-11 01:31:49: 
2026-06-11 01:31:49: 🚀 WINNER STORE Corriendo en: http://localhost:3000
2026-06-11 01:31:49: 🌐 Acceso Externo (Túnel): https://renewed-encore-entomb.ngrok-free.dev
2026-06-11 01:31:49: 🔐 Servidor iniciado con seguridad JWT y API Key activa
2026-06-11 01:31:49: 
2026-06-11 01:31:49: 🐘 Conexión verificada con éxito a PostgreSQL
2026-06-11 01:31:50: 📧 [Mailer] Servidor de correo listo para enviar mensajes
2026-06-11 01:31:54: [Startup] MODO: production
2026-06-11 01:31:54: [Startup] ARCHIVO: .env
2026-06-11 01:31:55: 🔌 Intentando conectar a: postgresql://postgres:****@localhost:5432/dezpy_v01
2026-06-11 01:31:55: 🐘 Prisma Client (PostgreSQL) inicializado con capa de compatibilidad
2026-06-11 01:31:55: 
2026-06-11 01:31:55: 🚀 WINNER STORE Corriendo en: http://localhost:3000
2026-06-11 01:31:55: 🌐 Acceso Externo (Túnel): https://renewed-encore-entomb.ngrok-free.dev
2026-06-11 01:31:55: 🔐 Servidor iniciado con seguridad JWT y API Key activa
2026-06-11 01:31:55: 
2026-06-11 01:31:55: 🐘 Conexión verificada con éxito a PostgreSQL
2026-06-11 01:31:56: 📧 [Mailer] Servidor de correo listo para enviar mensajes
2026-06-11 02:02:33: [Startup] MODO: production
2026-06-11 02:02:33: [Startup] ARCHIVO: .env
2026-06-11 02:02:35: 🔌 Intentando conectar a: postgresql://postgres:****@localhost:5432/dezpy_v01
2026-06-11 02:02:35: 🐘 Prisma Client (PostgreSQL) inicializado con capa de compatibilidad
2026-06-11 02:02:36: 
2026-06-11 02:02:36: 🚀 WINNER STORE Corriendo en: http://localhost:3000
2026-06-11 02:02:36: 🌐 Acceso Externo (Túnel): https://renewed-encore-entomb.ngrok-free.dev
2026-06-11 02:02:36: 🔐 Servidor iniciado con seguridad JWT y API Key activa
2026-06-11 02:02:36: 
2026-06-11 02:02:36: 🐘 Conexión verificada con éxito a PostgreSQL
2026-06-11 02:02:36: 📧 [Mailer] Servidor de correo listo para enviar mensajes
2026-06-11 02:02:42: [Startup] MODO: production
2026-06-11 02:02:42: [Startup] ARCHIVO: .env
2026-06-11 02:02:43: 🔌 Intentando conectar a: postgresql://postgres:****@localhost:5432/dezpy_v01
2026-06-11 02:02:43: 🐘 Prisma Client (PostgreSQL) inicializado con capa de compatibilidad
2026-06-11 02:02:43: 
2026-06-11 02:02:43: 🚀 WINNER STORE Corriendo en: http://localhost:3000
2026-06-11 02:02:43: 🌐 Acceso Externo (Túnel): https://renewed-encore-entomb.ngrok-free.dev
2026-06-11 02:02:43: 🔐 Servidor iniciado con seguridad JWT y API Key activa
2026-06-11 02:02:43: 
2026-06-11 02:02:43: 🐘 Conexión verificada con éxito a PostgreSQL
2026-06-11 02:02:44: 📧 [Mailer] Servidor de correo listo para enviar mensajes
2026-06-11 02:17:45: [Startup] MODO: production
2026-06-11 02:17:45: [Startup] ARCHIVO: .env
2026-06-11 02:17:46: 🔌 Intentando conectar a: postgresql://postgres:****@localhost:5432/dezpy_v01
2026-06-11 02:17:46: 🐘 Prisma Client (PostgreSQL) inicializado con capa de compatibilidad
2026-06-11 02:17:46: 
2026-06-11 02:17:46: 🚀 WINNER STORE Corriendo en: http://localhost:3000
2026-06-11 02:17:46: 🌐 Acceso Externo (Túnel): https://renewed-encore-entomb.ngrok-free.dev
2026-06-11 02:17:46: 🔐 Servidor iniciado con seguridad JWT y API Key activa
2026-06-11 02:17:46: 
2026-06-11 02:17:46: 🐘 Conexión verificada con éxito a PostgreSQL
2026-06-11 02:17:47: 📧 [Mailer] Servidor de correo listo para enviar mensajes
2026-06-11 02:26:03: [Startup] MODO: production
2026-06-11 02:26:03: [Startup] ARCHIVO: .env
2026-06-11 02:26:04: 🔌 Intentando conectar a: postgresql://postgres:****@localhost:5432/dezpy_v01
2026-06-11 02:26:04: 🐘 Prisma Client (PostgreSQL) inicializado con capa de compatibilidad
2026-06-11 02:26:04: 
2026-06-11 02:26:04: 🚀 WINNER STORE Corriendo en: http://localhost:3000
2026-06-11 02:26:04: 🌐 Acceso Externo (Túnel): https://renewed-encore-entomb.ngrok-free.dev
2026-06-11 02:26:04: 🔐 Servidor iniciado con seguridad JWT y API Key activa
2026-06-11 02:26:04: 
2026-06-11 02:26:04: 🐘 Conexión verificada con éxito a PostgreSQL
2026-06-11 02:26:05: 📧 [Mailer] Servidor de correo listo para enviar mensajes
2026-06-11 02:26:40: [Startup] MODO: production
2026-06-11 02:26:40: [Startup] ARCHIVO: .env
2026-06-11 02:26:41: 🔌 Intentando conectar a: postgresql://postgres:****@localhost:5432/dezpy_v01
2026-06-11 02:26:41: 🐘 Prisma Client (PostgreSQL) inicializado con capa de compatibilidad
2026-06-11 02:26:41: 
2026-06-11 02:26:41: 🚀 WINNER STORE Corriendo en: http://localhost:3000
2026-06-11 02:26:41: 🌐 Acceso Externo (Túnel): https://renewed-encore-entomb.ngrok-free.dev
2026-06-11 02:26:41: 🔐 Servidor iniciado con seguridad JWT y API Key activa
2026-06-11 02:26:41: 
2026-06-11 02:26:41: 🐘 Conexión verificada con éxito a PostgreSQL
2026-06-11 02:26:42: 📧 [Mailer] Servidor de correo listo para enviar mensajes
2026-06-11 02:35:38: [2:35:37 a. m.] ✅ GET /admin-panel.html -> 200 (161ms)
2026-06-11 02:35:41: [2:35:41 a. m.] ⚠️ GET /admin-panel.html -> 304 (2ms)
2026-06-11 02:35:56: [2:35:56 a. m.] ⚠️ GET /admin-panel.html -> 304 (1ms)
2026-06-11 02:36:56: [2:36:56 a. m.] ⚠️ GET /admin-panel.html -> 304 (5ms)
